<?xml version="1.0" encoding="UTF-8"?>
<!-- Generated by org.testng.reporters.JUnitReportReporter -->
<testsuite hostname="DESKTOP-SI2PAP0" failures="0" tests="3" name="com.hotelBooking.Simple_annotation" time="0.016" errors="0" timestamp="2022-02-08T15:38:02 IST" skipped="0">
  <testcase classname="com.hotelBooking.Simple_annotation" name="child" time="0.012"/>
  <system-out/>
  <testcase classname="com.hotelBooking.Simple_annotation" name="men" time="0.002"/>
  <system-out/>
  <testcase classname="com.hotelBooking.Simple_annotation" name="women" time="0.002"/>
  <system-out/>
</testsuite> <!-- com.hotelBooking.Simple_annotation -->
