<?xml version="1.0" encoding="UTF-8"?>
<!-- Generated by org.testng.reporters.JUnitReportReporter -->
<testsuite hostname="DESKTOP-SI2PAP0" failures="0" tests="1" name="com.hotelBooking.Testng" time="0.014" errors="0" timestamp="2022-02-08T15:38:08 IST" skipped="0">
  <testcase classname="com.hotelBooking.Testng" name="men" time="0.014"/>
  <system-out/>
</testsuite> <!-- com.hotelBooking.Testng -->
